2023-02-28 14:48:12 WARNING  PyNaCl is not installed, voice will NOT be supported
2023-02-28 14:48:12 INFO     logging in with: MTAzODY4NDk4OTEzMjM5MDQ3MA.G4ZP9A.2wTceSGIVbKCW39nGNaJK73pQdCPQVY6vwJ9wI
2023-02-28 14:48:12 DEBUG    Using proactor: IocpProactor
2023-02-28 14:48:12 INFO     logging in using static token
2023-02-28 14:48:13 INFO     Setup hook run!
2023-02-28 14:48:13 INFO     Loading cog/extension: cogs.AdminCommands
2023-02-28 14:48:13 INFO     Loaded cog/extension: cogs.AdminCommands
2023-02-28 14:48:13 INFO     Loading cog/extension: cogs.Commands
2023-02-28 14:48:13 INFO     c:\Users\tojos\Nextcloud\KasBot\Live Work\KaspBot\cogs\Commands.py - Setting up...
2023-02-28 14:48:13 INFO     Syncing tree...
2023-02-28 14:48:13 INFO     [<AppCommand id=1040491845316251670 name='purge' type=<AppCommandType.chat_input: 1>>, <AppCommand id=1040491845316251672 name='verify' type=<AppCommandType.chat_input: 1>>, <AppCommand id=1040491845316251673 name='unverified-scan' type=<AppCommandType.chat_input: 1>>, <AppCommand id=1047771581281206313 name='ticket-close' type=<AppCommandType.chat_input: 1>>, <AppCommand id=1077523306137260144 name='warn' type=<AppCommandType.chat_input: 1>>, <AppCommand id=1077523306137260145 name='unverified-kick' type=<AppCommandType.chat_input: 1>>, <AppCommand id=1079940763057655868 name='boop' type=<AppCommandType.chat_input: 1>>]
2023-02-28 14:48:13 INFO     Sync of tree complete!
2023-02-28 14:48:13 INFO     c:\Users\tojos\Nextcloud\KasBot\Live Work\KaspBot\cogs\Commands.py - Done!
2023-02-28 14:48:13 INFO     Loaded cog/extension: cogs.Commands
2023-02-28 14:48:13 INFO     Loading cog/extension: cogs.LoopingFunctions
2023-02-28 14:48:13 INFO     c:\Users\tojos\Nextcloud\KasBot\Live Work\KaspBot\cogs\LoopingFunctions.py - Setting up...
2023-02-28 14:48:13 INFO     c:\Users\tojos\Nextcloud\KasBot\Live Work\KaspBot\cogs\LoopingFunctions.py - Done!
2023-02-28 14:48:13 INFO     Loaded cog/extension: cogs.LoopingFunctions
2023-02-28 14:48:13 INFO     Loading cog/extension: cogs.OnEvent
2023-02-28 14:48:13 INFO     c:\Users\tojos\Nextcloud\KasBot\Live Work\KaspBot\cogs\OnEvent.py - Setting up...
2023-02-28 14:48:13 INFO     c:\Users\tojos\Nextcloud\KasBot\Live Work\KaspBot\cogs\OnEvent.py - Done!
2023-02-28 14:48:13 INFO     Loaded cog/extension: cogs.OnEvent
2023-02-28 14:48:13 INFO     Cogs initialized!
2023-02-28 14:48:14 INFO     Waiting for websocket
2023-02-28 14:48:14 INFO     Shard ID None has connected to Gateway (Session ID: 200d2e0d16bfe99997f987fd6a822406).
2023-02-28 14:48:16 INFO     Connected as KaspBot#9720
2023-02-28 14:48:16 INFO     Starting up...
2023-02-28 14:48:16 INFO     Init of Reaction Role Classes Complete!
2023-02-28 14:48:16 INFO     Ready!
2023-02-28 14:48:24 WARNING  You are on cooldown. Try again in 57.63s
2023-02-28 14:48:24 DEBUG    <class 'discord.app_commands.errors.CommandOnCooldown'>
2023-02-28 14:48:25 WARNING  You are on cooldown. Try again in 56.37s
2023-02-28 14:48:25 DEBUG    <class 'discord.app_commands.errors.CommandOnCooldown'>
2023-02-28 14:48:27 WARNING  You are on cooldown. Try again in 54.45s
2023-02-28 14:48:27 DEBUG    <class 'discord.app_commands.errors.CommandOnCooldown'>
2023-02-28 14:48:29 WARNING  You are on cooldown. Try again in 52.19s
2023-02-28 14:48:29 DEBUG    <class 'discord.app_commands.errors.CommandOnCooldown'>
2023-02-28 14:48:32 WARNING  You are on cooldown. Try again in 49.74s
2023-02-28 14:48:32 DEBUG    <class 'discord.app_commands.errors.CommandOnCooldown'>
2023-02-28 14:48:34 WARNING  You are on cooldown. Try again in 47.13s
2023-02-28 14:48:34 DEBUG    <class 'discord.app_commands.errors.CommandOnCooldown'>
2023-02-28 14:48:37 WARNING  You are on cooldown. Try again in 44.60s
2023-02-28 14:48:37 DEBUG    <class 'discord.app_commands.errors.CommandOnCooldown'>
2023-02-28 14:48:39 WARNING  You are on cooldown. Try again in 42.12s
2023-02-28 14:48:39 DEBUG    <class 'discord.app_commands.errors.CommandOnCooldown'>
2023-02-28 14:48:42 WARNING  You are on cooldown. Try again in 39.69s
2023-02-28 14:48:42 DEBUG    <class 'discord.app_commands.errors.CommandOnCooldown'>
2023-02-28 14:48:44 WARNING  You are on cooldown. Try again in 37.23s
2023-02-28 14:48:44 DEBUG    <class 'discord.app_commands.errors.CommandOnCooldown'>
2023-02-28 14:48:47 WARNING  You are on cooldown. Try again in 34.73s
2023-02-28 14:48:47 DEBUG    <class 'discord.app_commands.errors.CommandOnCooldown'>
2023-02-28 14:48:49 WARNING  You are on cooldown. Try again in 32.20s
2023-02-28 14:48:49 DEBUG    <class 'discord.app_commands.errors.CommandOnCooldown'>
2023-02-28 14:48:52 WARNING  You are on cooldown. Try again in 29.74s
2023-02-28 14:48:52 DEBUG    <class 'discord.app_commands.errors.CommandOnCooldown'>
2023-02-28 14:49:07 WARNING  You are on cooldown. Try again in 14.96s
2023-02-28 14:49:07 DEBUG    <class 'discord.app_commands.errors.CommandOnCooldown'>
